2017-07-10 10:24:54 =CRASH REPORT====
  crasher:
    initial call: exometer_report:-spawn_reporter/2-fun-0-/0
    pid: <0.107.0>
    registered_name: exometer_graphite_reporter
    exception error: {{required,api_key},[{exometer_graphite_reporter,get_opt,2,[{file,"src/exometer_graphite_reporter.erl"},{line,121}]},{exometer_graphite_reporter,exometer_init,1,[{file,"src/exometer_graphite_reporter.erl"},{line,51}]},{exometer_report,reporter_init,2,[{file,"src/exometer_report.erl"},{line,1568}]},{exometer_report,'-spawn_reporter/2-fun-0-',2,[{file,"src/exometer_report.erl"},{line,1401}]},{proc_lib,init_p,3,[{file,"proc_lib.erl"},{line,232}]}]}
    ancestors: [exometer_report,exometer_core_sup,<0.98.0>]
    messages: []
    links: []
    dictionary: []
    trap_exit: false
    status: running
    heap_size: 610
    stack_size: 27
    reductions: 139
  neighbours:
2017-07-10 10:24:54 =CRASH REPORT====
  crasher:
    initial call: exometer_report:-spawn_reporter/2-fun-0-/0
    pid: <0.109.0>
    registered_name: exometer_graphite_reporter
    exception error: {{required,api_key},[{exometer_graphite_reporter,get_opt,2,[{file,"src/exometer_graphite_reporter.erl"},{line,121}]},{exometer_graphite_reporter,exometer_init,1,[{file,"src/exometer_graphite_reporter.erl"},{line,51}]},{exometer_report,reporter_init,2,[{file,"src/exometer_report.erl"},{line,1568}]},{exometer_report,'-spawn_reporter/2-fun-0-',2,[{file,"src/exometer_report.erl"},{line,1401}]},{proc_lib,init_p,3,[{file,"proc_lib.erl"},{line,232}]}]}
    ancestors: [exometer_report,exometer_core_sup,<0.98.0>]
    messages: []
    links: []
    dictionary: []
    trap_exit: false
    status: running
    heap_size: 610
    stack_size: 27
    reductions: 129
  neighbours:
2017-07-10 10:24:54 =CRASH REPORT====
  crasher:
    initial call: exometer_report:-spawn_reporter/2-fun-0-/0
    pid: <0.110.0>
    registered_name: exometer_graphite_reporter
    exception error: {{required,api_key},[{exometer_graphite_reporter,get_opt,2,[{file,"src/exometer_graphite_reporter.erl"},{line,121}]},{exometer_graphite_reporter,exometer_init,1,[{file,"src/exometer_graphite_reporter.erl"},{line,51}]},{exometer_report,reporter_init,2,[{file,"src/exometer_report.erl"},{line,1568}]},{exometer_report,'-spawn_reporter/2-fun-0-',2,[{file,"src/exometer_report.erl"},{line,1401}]},{proc_lib,init_p,3,[{file,"proc_lib.erl"},{line,232}]}]}
    ancestors: [exometer_report,exometer_core_sup,<0.98.0>]
    messages: []
    links: []
    dictionary: []
    trap_exit: false
    status: running
    heap_size: 610
    stack_size: 27
    reductions: 129
  neighbours:
2017-07-10 10:25:35 =CRASH REPORT====
  crasher:
    initial call: exometer_report:-spawn_reporter/2-fun-0-/0
    pid: <0.113.0>
    registered_name: exometer_graphite_reporter
    exception error: {{required,api_key},[{exometer_graphite_reporter,get_opt,2,[{file,"src/exometer_graphite_reporter.erl"},{line,121}]},{exometer_graphite_reporter,exometer_init,1,[{file,"src/exometer_graphite_reporter.erl"},{line,51}]},{exometer_report,reporter_init,2,[{file,"src/exometer_report.erl"},{line,1568}]},{exometer_report,'-spawn_reporter/2-fun-0-',2,[{file,"src/exometer_report.erl"},{line,1401}]},{proc_lib,init_p,3,[{file,"proc_lib.erl"},{line,232}]}]}
    ancestors: [exometer_report,exometer_core_sup,<0.98.0>]
    messages: []
    links: []
    dictionary: []
    trap_exit: false
    status: running
    heap_size: 610
    stack_size: 27
    reductions: 129
  neighbours:
2017-07-10 10:25:35 =CRASH REPORT====
  crasher:
    initial call: exometer_report:-spawn_reporter/2-fun-0-/0
    pid: <0.115.0>
    registered_name: exometer_graphite_reporter
    exception error: {{required,api_key},[{exometer_graphite_reporter,get_opt,2,[{file,"src/exometer_graphite_reporter.erl"},{line,121}]},{exometer_graphite_reporter,exometer_init,1,[{file,"src/exometer_graphite_reporter.erl"},{line,51}]},{exometer_report,reporter_init,2,[{file,"src/exometer_report.erl"},{line,1568}]},{exometer_report,'-spawn_reporter/2-fun-0-',2,[{file,"src/exometer_report.erl"},{line,1401}]},{proc_lib,init_p,3,[{file,"proc_lib.erl"},{line,232}]}]}
    ancestors: [exometer_report,exometer_core_sup,<0.98.0>]
    messages: []
    links: []
    dictionary: []
    trap_exit: false
    status: running
    heap_size: 610
    stack_size: 27
    reductions: 129
  neighbours:
2017-07-10 10:25:35 =CRASH REPORT====
  crasher:
    initial call: exometer_report:-spawn_reporter/2-fun-0-/0
    pid: <0.116.0>
    registered_name: exometer_graphite_reporter
    exception error: {{required,api_key},[{exometer_graphite_reporter,get_opt,2,[{file,"src/exometer_graphite_reporter.erl"},{line,121}]},{exometer_graphite_reporter,exometer_init,1,[{file,"src/exometer_graphite_reporter.erl"},{line,51}]},{exometer_report,reporter_init,2,[{file,"src/exometer_report.erl"},{line,1568}]},{exometer_report,'-spawn_reporter/2-fun-0-',2,[{file,"src/exometer_report.erl"},{line,1401}]},{proc_lib,init_p,3,[{file,"proc_lib.erl"},{line,232}]}]}
    ancestors: [exometer_report,exometer_core_sup,<0.98.0>]
    messages: []
    links: []
    dictionary: []
    trap_exit: false
    status: running
    heap_size: 610
    stack_size: 27
    reductions: 129
  neighbours:
2017-07-10 11:07:45 =CRASH REPORT====
  crasher:
    initial call: exometer_report:-spawn_reporter/2-fun-0-/0
    pid: <0.109.0>
    registered_name: exometer_graphite_reporter
    exception error: {{required,api_key},[{exometer_graphite_reporter,get_opt,2,[{file,"src/exometer_graphite_reporter.erl"},{line,121}]},{exometer_graphite_reporter,exometer_init,1,[{file,"src/exometer_graphite_reporter.erl"},{line,51}]},{exometer_report,reporter_init,2,[{file,"src/exometer_report.erl"},{line,1568}]},{exometer_report,'-spawn_reporter/2-fun-0-',2,[{file,"src/exometer_report.erl"},{line,1401}]},{proc_lib,init_p,3,[{file,"proc_lib.erl"},{line,232}]}]}
    ancestors: [exometer_report,exometer_core_sup,<0.98.0>]
    messages: []
    links: []
    dictionary: []
    trap_exit: false
    status: running
    heap_size: 610
    stack_size: 27
    reductions: 139
  neighbours:
2017-07-10 11:07:45 =CRASH REPORT====
  crasher:
    initial call: exometer_report:-spawn_reporter/2-fun-0-/0
    pid: <0.111.0>
    registered_name: exometer_graphite_reporter
    exception error: {{required,api_key},[{exometer_graphite_reporter,get_opt,2,[{file,"src/exometer_graphite_reporter.erl"},{line,121}]},{exometer_graphite_reporter,exometer_init,1,[{file,"src/exometer_graphite_reporter.erl"},{line,51}]},{exometer_report,reporter_init,2,[{file,"src/exometer_report.erl"},{line,1568}]},{exometer_report,'-spawn_reporter/2-fun-0-',2,[{file,"src/exometer_report.erl"},{line,1401}]},{proc_lib,init_p,3,[{file,"proc_lib.erl"},{line,232}]}]}
    ancestors: [exometer_report,exometer_core_sup,<0.98.0>]
    messages: []
    links: []
    dictionary: []
    trap_exit: false
    status: running
    heap_size: 610
    stack_size: 27
    reductions: 129
  neighbours:
2017-07-10 11:07:45 =CRASH REPORT====
  crasher:
    initial call: exometer_report:-spawn_reporter/2-fun-0-/0
    pid: <0.112.0>
    registered_name: exometer_graphite_reporter
    exception error: {{required,api_key},[{exometer_graphite_reporter,get_opt,2,[{file,"src/exometer_graphite_reporter.erl"},{line,121}]},{exometer_graphite_reporter,exometer_init,1,[{file,"src/exometer_graphite_reporter.erl"},{line,51}]},{exometer_report,reporter_init,2,[{file,"src/exometer_report.erl"},{line,1568}]},{exometer_report,'-spawn_reporter/2-fun-0-',2,[{file,"src/exometer_report.erl"},{line,1401}]},{proc_lib,init_p,3,[{file,"proc_lib.erl"},{line,232}]}]}
    ancestors: [exometer_report,exometer_core_sup,<0.98.0>]
    messages: []
    links: []
    dictionary: []
    trap_exit: false
    status: running
    heap_size: 610
    stack_size: 27
    reductions: 129
  neighbours:
2017-07-10 11:37:20 =CRASH REPORT====
  crasher:
    initial call: exometer_report:-spawn_reporter/2-fun-0-/0
    pid: <0.107.0>
    registered_name: exometer_graphite_reporter
    exception error: {undef,[{lager,info,["Unknown info: ~p",[{tcp_closed,#Port<0.3245>}]],[]},{exometer_graphite_reporter,exometer_info,2,[{file,"src/exometer_graphite_reporter.erl"},{line,110}]},{exometer_report,reporter_loop,2,[{file,"src/exometer_report.erl"},{line,1626}]},{proc_lib,init_p,3,[{file,"proc_lib.erl"},{line,232}]}]}
    ancestors: [exometer_report,exometer_core_sup,<0.98.0>]
    messages: []
    links: []
    dictionary: []
    trap_exit: false
    status: running
    heap_size: 376
    stack_size: 27
    reductions: 523
  neighbours:
2017-07-10 11:37:21 =CRASH REPORT====
  crasher:
    initial call: exometer_report:-spawn_reporter/2-fun-0-/0
    pid: <0.112.0>
    registered_name: exometer_graphite_reporter
    exception error: {undef,[{lager,info,["Unknown info: ~p",[{tcp_closed,#Port<0.3298>}]],[]},{exometer_graphite_reporter,exometer_info,2,[{file,"src/exometer_graphite_reporter.erl"},{line,110}]},{exometer_report,reporter_loop,2,[{file,"src/exometer_report.erl"},{line,1626}]},{proc_lib,init_p,3,[{file,"proc_lib.erl"},{line,232}]}]}
    ancestors: [exometer_report,exometer_core_sup,<0.98.0>]
    messages: []
    links: []
    dictionary: []
    trap_exit: false
    status: running
    heap_size: 610
    stack_size: 27
    reductions: 491
  neighbours:
2017-07-10 11:37:22 =CRASH REPORT====
  crasher:
    initial call: exometer_report:-spawn_reporter/2-fun-0-/0
    pid: <0.113.0>
    registered_name: exometer_graphite_reporter
    exception error: {undef,[{lager,info,["Unknown info: ~p",[{tcp_closed,#Port<0.3299>}]],[]},{exometer_graphite_reporter,exometer_info,2,[{file,"src/exometer_graphite_reporter.erl"},{line,110}]},{exometer_report,reporter_loop,2,[{file,"src/exometer_report.erl"},{line,1626}]},{proc_lib,init_p,3,[{file,"proc_lib.erl"},{line,232}]}]}
    ancestors: [exometer_report,exometer_core_sup,<0.98.0>]
    messages: []
    links: []
    dictionary: []
    trap_exit: false
    status: running
    heap_size: 610
    stack_size: 27
    reductions: 491
  neighbours:
2017-07-10 11:37:23 =CRASH REPORT====
  crasher:
    initial call: exometer_report:-spawn_reporter/2-fun-0-/0
    pid: <0.114.0>
    registered_name: exometer_graphite_reporter
    exception error: {undef,[{lager,info,["Unknown info: ~p",[{tcp_closed,#Port<0.3300>}]],[]},{exometer_graphite_reporter,exometer_info,2,[{file,"src/exometer_graphite_reporter.erl"},{line,110}]},{exometer_report,reporter_loop,2,[{file,"src/exometer_report.erl"},{line,1626}]},{proc_lib,init_p,3,[{file,"proc_lib.erl"},{line,232}]}]}
    ancestors: [exometer_report,exometer_core_sup,<0.98.0>]
    messages: []
    links: []
    dictionary: []
    trap_exit: false
    status: running
    heap_size: 610
    stack_size: 27
    reductions: 491
  neighbours:
2017-07-10 11:37:24 =CRASH REPORT====
  crasher:
    initial call: exometer_report:-spawn_reporter/2-fun-0-/0
    pid: <0.115.0>
    registered_name: exometer_graphite_reporter
    exception error: {undef,[{lager,info,["Unknown info: ~p",[{tcp_closed,#Port<0.3301>}]],[]},{exometer_graphite_reporter,exometer_info,2,[{file,"src/exometer_graphite_reporter.erl"},{line,110}]},{exometer_report,reporter_loop,2,[{file,"src/exometer_report.erl"},{line,1626}]},{proc_lib,init_p,3,[{file,"proc_lib.erl"},{line,232}]}]}
    ancestors: [exometer_report,exometer_core_sup,<0.98.0>]
    messages: []
    links: []
    dictionary: []
    trap_exit: false
    status: running
    heap_size: 610
    stack_size: 27
    reductions: 491
  neighbours:
2017-07-10 11:37:25 =CRASH REPORT====
  crasher:
    initial call: exometer_report:-spawn_reporter/2-fun-0-/0
    pid: <0.116.0>
    registered_name: exometer_graphite_reporter
    exception error: {undef,[{lager,info,["Unknown info: ~p",[{tcp_closed,#Port<0.3302>}]],[]},{exometer_graphite_reporter,exometer_info,2,[{file,"src/exometer_graphite_reporter.erl"},{line,110}]},{exometer_report,reporter_loop,2,[{file,"src/exometer_report.erl"},{line,1626}]},{proc_lib,init_p,3,[{file,"proc_lib.erl"},{line,232}]}]}
    ancestors: [exometer_report,exometer_core_sup,<0.98.0>]
    messages: []
    links: []
    dictionary: []
    trap_exit: false
    status: running
    heap_size: 610
    stack_size: 27
    reductions: 491
  neighbours:
2017-07-10 11:37:26 =CRASH REPORT====
  crasher:
    initial call: exometer_report:-spawn_reporter/2-fun-0-/0
    pid: <0.117.0>
    registered_name: exometer_graphite_reporter
    exception error: {undef,[{lager,info,["Unknown info: ~p",[{tcp_closed,#Port<0.3303>}]],[]},{exometer_graphite_reporter,exometer_info,2,[{file,"src/exometer_graphite_reporter.erl"},{line,110}]},{exometer_report,reporter_loop,2,[{file,"src/exometer_report.erl"},{line,1626}]},{proc_lib,init_p,3,[{file,"proc_lib.erl"},{line,232}]}]}
    ancestors: [exometer_report,exometer_core_sup,<0.98.0>]
    messages: []
    links: []
    dictionary: []
    trap_exit: false
    status: running
    heap_size: 610
    stack_size: 27
    reductions: 491
  neighbours:
2017-07-10 11:37:27 =CRASH REPORT====
  crasher:
    initial call: exometer_report:-spawn_reporter/2-fun-0-/0
    pid: <0.118.0>
    registered_name: exometer_graphite_reporter
    exception error: {undef,[{lager,info,["Unknown info: ~p",[{tcp_closed,#Port<0.3304>}]],[]},{exometer_graphite_reporter,exometer_info,2,[{file,"src/exometer_graphite_reporter.erl"},{line,110}]},{exometer_report,reporter_loop,2,[{file,"src/exometer_report.erl"},{line,1626}]},{proc_lib,init_p,3,[{file,"proc_lib.erl"},{line,232}]}]}
    ancestors: [exometer_report,exometer_core_sup,<0.98.0>]
    messages: []
    links: []
    dictionary: []
    trap_exit: false
    status: running
    heap_size: 610
    stack_size: 27
    reductions: 491
  neighbours:
2017-07-10 11:37:28 =CRASH REPORT====
  crasher:
    initial call: exometer_report:-spawn_reporter/2-fun-0-/0
    pid: <0.119.0>
    registered_name: exometer_graphite_reporter
    exception error: {undef,[{lager,info,["Unknown info: ~p",[{tcp_closed,#Port<0.3305>}]],[]},{exometer_graphite_reporter,exometer_info,2,[{file,"src/exometer_graphite_reporter.erl"},{line,110}]},{exometer_report,reporter_loop,2,[{file,"src/exometer_report.erl"},{line,1626}]},{proc_lib,init_p,3,[{file,"proc_lib.erl"},{line,232}]}]}
    ancestors: [exometer_report,exometer_core_sup,<0.98.0>]
    messages: []
    links: []
    dictionary: []
    trap_exit: false
    status: running
    heap_size: 610
    stack_size: 27
    reductions: 491
  neighbours:
2017-07-10 11:37:29 =CRASH REPORT====
  crasher:
    initial call: exometer_report:-spawn_reporter/2-fun-0-/0
    pid: <0.120.0>
    registered_name: exometer_graphite_reporter
    exception error: {undef,[{lager,info,["Unknown info: ~p",[{tcp_closed,#Port<0.3306>}]],[]},{exometer_graphite_reporter,exometer_info,2,[{file,"src/exometer_graphite_reporter.erl"},{line,110}]},{exometer_report,reporter_loop,2,[{file,"src/exometer_report.erl"},{line,1626}]},{proc_lib,init_p,3,[{file,"proc_lib.erl"},{line,232}]}]}
    ancestors: [exometer_report,exometer_core_sup,<0.98.0>]
    messages: []
    links: []
    dictionary: []
    trap_exit: false
    status: running
    heap_size: 610
    stack_size: 27
    reductions: 491
  neighbours:
2017-07-10 11:54:12 =ERROR REPORT====
Error in process <0.52.0> with exit value:
{{case_clause,killed},[{shell,server_loop,7,[{file,"shell.erl"},{line,231}]}]}
