2017-07-10 10:24:54.502 [error] <0.107.0> CRASH REPORT Process exometer_graphite_reporter with 0 neighbours crashed with reason: {required,api_key} in exometer_graphite_reporter:get_opt/2 line 121
2017-07-10 10:24:54.502 [error] <0.109.0> CRASH REPORT Process exometer_graphite_reporter with 0 neighbours crashed with reason: {required,api_key} in exometer_graphite_reporter:get_opt/2 line 121
2017-07-10 10:24:54.502 [error] <0.110.0> CRASH REPORT Process exometer_graphite_reporter with 0 neighbours crashed with reason: {required,api_key} in exometer_graphite_reporter:get_opt/2 line 121
2017-07-10 10:25:35.031 [error] <0.113.0> CRASH REPORT Process exometer_graphite_reporter with 0 neighbours crashed with reason: {required,api_key} in exometer_graphite_reporter:get_opt/2 line 121
2017-07-10 10:25:35.032 [error] <0.115.0> CRASH REPORT Process exometer_graphite_reporter with 0 neighbours crashed with reason: {required,api_key} in exometer_graphite_reporter:get_opt/2 line 121
2017-07-10 10:25:35.033 [error] <0.116.0> CRASH REPORT Process exometer_graphite_reporter with 0 neighbours crashed with reason: {required,api_key} in exometer_graphite_reporter:get_opt/2 line 121
2017-07-10 11:07:45.494 [error] <0.109.0> CRASH REPORT Process exometer_graphite_reporter with 0 neighbours crashed with reason: {required,api_key} in exometer_graphite_reporter:get_opt/2 line 121
2017-07-10 11:07:45.496 [error] <0.111.0> CRASH REPORT Process exometer_graphite_reporter with 0 neighbours crashed with reason: {required,api_key} in exometer_graphite_reporter:get_opt/2 line 121
2017-07-10 11:07:45.497 [error] <0.112.0> CRASH REPORT Process exometer_graphite_reporter with 0 neighbours crashed with reason: {required,api_key} in exometer_graphite_reporter:get_opt/2 line 121
2017-07-10 11:37:20.112 [error] <0.107.0> CRASH REPORT Process exometer_graphite_reporter with 0 neighbours crashed with reason: call to undefined function lager:info("Unknown info: ~p", [{tcp_closed,#Port<0.3245>}])
2017-07-10 11:37:21.116 [error] <0.112.0> CRASH REPORT Process exometer_graphite_reporter with 0 neighbours crashed with reason: call to undefined function lager:info("Unknown info: ~p", [{tcp_closed,#Port<0.3298>}])
2017-07-10 11:37:22.119 [error] <0.113.0> CRASH REPORT Process exometer_graphite_reporter with 0 neighbours crashed with reason: call to undefined function lager:info("Unknown info: ~p", [{tcp_closed,#Port<0.3299>}])
2017-07-10 11:37:23.123 [error] <0.114.0> CRASH REPORT Process exometer_graphite_reporter with 0 neighbours crashed with reason: call to undefined function lager:info("Unknown info: ~p", [{tcp_closed,#Port<0.3300>}])
2017-07-10 11:37:24.127 [error] <0.115.0> CRASH REPORT Process exometer_graphite_reporter with 0 neighbours crashed with reason: call to undefined function lager:info("Unknown info: ~p", [{tcp_closed,#Port<0.3301>}])
2017-07-10 11:37:25.130 [error] <0.116.0> CRASH REPORT Process exometer_graphite_reporter with 0 neighbours crashed with reason: call to undefined function lager:info("Unknown info: ~p", [{tcp_closed,#Port<0.3302>}])
2017-07-10 11:37:26.133 [error] <0.117.0> CRASH REPORT Process exometer_graphite_reporter with 0 neighbours crashed with reason: call to undefined function lager:info("Unknown info: ~p", [{tcp_closed,#Port<0.3303>}])
2017-07-10 11:37:27.136 [error] <0.118.0> CRASH REPORT Process exometer_graphite_reporter with 0 neighbours crashed with reason: call to undefined function lager:info("Unknown info: ~p", [{tcp_closed,#Port<0.3304>}])
2017-07-10 11:37:28.139 [error] <0.119.0> CRASH REPORT Process exometer_graphite_reporter with 0 neighbours crashed with reason: call to undefined function lager:info("Unknown info: ~p", [{tcp_closed,#Port<0.3305>}])
2017-07-10 11:37:29.142 [error] <0.120.0> CRASH REPORT Process exometer_graphite_reporter with 0 neighbours crashed with reason: call to undefined function lager:info("Unknown info: ~p", [{tcp_closed,#Port<0.3306>}])
2017-07-10 11:54:12.330 [error] emulator Error in process <0.52.0> with exit value:
{{case_clause,killed},[{shell,server_loop,7,[{file,"shell.erl"},{line,231}]}]}
2017-07-10 14:30:29.454 [error] <0.108.0> CRASH REPORT Process exometer_graphite_reporter with 0 neighbours crashed with reason: bad argument in exometer_graphite_reporter:exometer_report/5 line 70
2017-07-10 14:30:32.455 [error] <0.113.0> CRASH REPORT Process exometer_graphite_reporter with 0 neighbours crashed with reason: bad argument in exometer_graphite_reporter:exometer_report/5 line 70
2017-07-10 14:30:35.458 [error] <0.114.0> CRASH REPORT Process exometer_graphite_reporter with 0 neighbours crashed with reason: bad argument in exometer_graphite_reporter:exometer_report/5 line 70
2017-07-10 15:37:17.434 [error] <0.108.0> CRASH REPORT Process exometer_graphite_reporter_plaintext with 0 neighbours crashed with reason: call to undefined function lager:info("Exometer Graphite Reporter; Opts: ~p~n", [[]])
2017-07-10 15:37:17.435 [error] <0.110.0> CRASH REPORT Process exometer_graphite_reporter_plaintext with 0 neighbours crashed with reason: call to undefined function lager:info("Exometer Graphite Reporter; Opts: ~p~n", [[]])
2017-07-10 15:37:17.435 [error] <0.111.0> CRASH REPORT Process exometer_graphite_reporter_plaintext with 0 neighbours crashed with reason: call to undefined function lager:info("Exometer Graphite Reporter; Opts: ~p~n", [[]])
2017-07-10 15:38:52.572 [error] <0.108.0> CRASH REPORT Process exometer_graphite_reporter_plaintext with 0 neighbours crashed with reason: {required,api_key} in exometer_graphite_reporter_plaintext:get_opt/2 line 160
2017-07-10 15:38:52.573 [error] <0.110.0> CRASH REPORT Process exometer_graphite_reporter_plaintext with 0 neighbours crashed with reason: {required,api_key} in exometer_graphite_reporter_plaintext:get_opt/2 line 160
2017-07-10 15:38:52.573 [error] <0.111.0> CRASH REPORT Process exometer_graphite_reporter_plaintext with 0 neighbours crashed with reason: {required,api_key} in exometer_graphite_reporter_plaintext:get_opt/2 line 160
2017-07-10 18:09:03.641 [error] <0.110.0> CRASH REPORT Process exometer_graphite_reporter with 0 neighbours crashed with reason: no case clause matching 1 in exometer_graphite_reporter:exometer_report/5 line 71
2017-07-10 18:09:06.643 [error] <0.115.0> CRASH REPORT Process exometer_graphite_reporter with 0 neighbours crashed with reason: no case clause matching 1 in exometer_graphite_reporter:exometer_report/5 line 71
2017-07-10 18:09:09.646 [error] <0.116.0> CRASH REPORT Process exometer_graphite_reporter with 0 neighbours crashed with reason: no case clause matching 1 in exometer_graphite_reporter:exometer_report/5 line 71
2017-07-10 18:09:12.650 [error] <0.117.0> CRASH REPORT Process exometer_graphite_reporter with 0 neighbours crashed with reason: no case clause matching 1 in exometer_graphite_reporter:exometer_report/5 line 71
2017-07-10 18:09:15.652 [error] <0.118.0> CRASH REPORT Process exometer_graphite_reporter with 0 neighbours crashed with reason: no case clause matching 1 in exometer_graphite_reporter:exometer_report/5 line 71
2017-07-10 18:11:40.687 [error] <0.110.0> CRASH REPORT Process exometer_graphite_reporter with 0 neighbours crashed with reason: bad argument in exometer_graphite_reporter:exometer_report/5 line 73
2017-07-10 18:11:49.690 [error] <0.115.0> CRASH REPORT Process exometer_graphite_reporter with 0 neighbours crashed with reason: bad argument in exometer_graphite_reporter:exometer_report/5 line 73
2017-07-10 18:12:59.685 [error] <0.108.0> CRASH REPORT Process exometer_graphite_reporter with 0 neighbours crashed with reason: no match of right hand value [] in exometer_graphite_reporter:exometer_report/5 line 74
2017-07-10 18:13:08.688 [error] <0.113.0> CRASH REPORT Process exometer_graphite_reporter with 0 neighbours crashed with reason: no match of right hand value [] in exometer_graphite_reporter:exometer_report/5 line 74
2017-07-10 22:11:25.012 [error] <0.108.0> CRASH REPORT Process exometer_graphite_reporter with 0 neighbours crashed with reason: call to undefined function lager:debug("exometer_init CALLED~n")
2017-07-10 22:11:25.012 [error] <0.110.0> CRASH REPORT Process exometer_graphite_reporter with 0 neighbours crashed with reason: call to undefined function lager:debug("exometer_init CALLED~n")
2017-07-10 22:11:25.012 [error] <0.111.0> CRASH REPORT Process exometer_graphite_reporter with 0 neighbours crashed with reason: call to undefined function lager:debug("exometer_init CALLED~n")
2017-07-10 22:11:46.065 [error] <0.113.0> CRASH REPORT Process exometer_graphite_reporter with 0 neighbours crashed with reason: call to undefined function lager:debug("exometer_init CALLED~n")
2017-07-10 22:11:46.066 [error] <0.114.0> CRASH REPORT Process exometer_graphite_reporter with 0 neighbours crashed with reason: call to undefined function lager:debug("exometer_init CALLED~n")
2017-07-10 22:11:46.066 [error] <0.115.0> CRASH REPORT Process exometer_graphite_reporter with 0 neighbours crashed with reason: call to undefined function lager:debug("exometer_init CALLED~n")
2017-07-10 22:12:48.033 [error] <0.119.0> CRASH REPORT Process exometer_graphite_reporter with 0 neighbours crashed with reason: call to undefined function lager:debug("exometer_init CALLED~n")
2017-07-10 22:12:48.035 [error] <0.120.0> CRASH REPORT Process exometer_graphite_reporter with 0 neighbours crashed with reason: call to undefined function lager:debug("exometer_init CALLED~n")
2017-07-10 22:12:48.035 [error] <0.121.0> CRASH REPORT Process exometer_graphite_reporter with 0 neighbours crashed with reason: call to undefined function lager:debug("exometer_init CALLED~n")
2017-07-10 22:13:10.992 [error] <0.110.0> CRASH REPORT Process exometer_graphite_reporter with 0 neighbours crashed with reason: call to undefined function lager:debug("exometer_init CALLED~n")
2017-07-10 22:13:10.994 [error] <0.112.0> CRASH REPORT Process exometer_graphite_reporter with 0 neighbours crashed with reason: call to undefined function lager:debug("exometer_init CALLED~n")
2017-07-10 22:13:10.995 [error] <0.113.0> CRASH REPORT Process exometer_graphite_reporter with 0 neighbours crashed with reason: call to undefined function lager:debug("exometer_init CALLED~n")
2017-07-11 08:54:59.176 [error] <0.110.0> CRASH REPORT Process exometer_graphite_reporter with 0 neighbours crashed with reason: no case clause matching #Ref<0.0.1.333> in exometer_report:reporter_init/2 line 1568
2017-07-11 08:54:59.177 [error] <0.114.0> CRASH REPORT Process exometer_graphite_reporter with 0 neighbours crashed with reason: no case clause matching #Ref<0.0.1.339> in exometer_report:reporter_init/2 line 1568
2017-07-11 08:54:59.177 [error] <0.115.0> CRASH REPORT Process exometer_graphite_reporter with 0 neighbours crashed with reason: no case clause matching #Ref<0.0.1.344> in exometer_report:reporter_init/2 line 1568
2017-07-11 08:55:36.249 [error] <0.117.0> CRASH REPORT Process exometer_graphite_reporter with 0 neighbours crashed with reason: no case clause matching #Ref<0.0.1.364> in exometer_report:reporter_init/2 line 1568
2017-07-11 08:55:36.252 [error] <0.119.0> CRASH REPORT Process exometer_graphite_reporter with 0 neighbours crashed with reason: no case clause matching #Ref<0.0.1.371> in exometer_report:reporter_init/2 line 1568
2017-07-11 08:55:36.256 [error] <0.120.0> CRASH REPORT Process exometer_graphite_reporter with 0 neighbours crashed with reason: no case clause matching #Ref<0.0.1.378> in exometer_report:reporter_init/2 line 1568
